<?xml version="1.0" ?>
<!DOCTYPE coverage SYSTEM "http://cobertura.sourceforge.net/xml/coverage-04.dtd">
<coverage lines-valid="240" lines-covered="123" line-rate="0.5125" branches-valid="54" branches-covered="6" branch-rate="0.11109999999999999" timestamp="1669636479670" complexity="0" version="0.1">
  <sources>
    <source>/Users/ccre/Developer/ode/cahier-de-textes</source>
  </sources>
  <packages>
    <package name="bin.main.public.ts.core.const" line-rate="1" branch-rate="1">
      <classes>
        <class name="dateFormat.ts" filename="bin/main/public/ts/core/const/dateFormat.ts" line-rate="1" branch-rate="1">
          <methods>
          </methods>
          <lines>
            <line number="1" hits="1" branch="false"/>
            <line number="12" hits="1" branch="false"/>
            <line number="13" hits="1" branch="false"/>
          </lines>
        </class>
      </classes>
    </package>
    <package name="bin.main.public.ts.model" line-rate="0.9286" branch-rate="1">
      <classes>
        <class name="Notebook.ts" filename="bin/main/public/ts/model/Notebook.ts" line-rate="0.9286" branch-rate="1">
          <methods>
            <method name="(anonymous_12)" hits="1" signature="()V">
              <lines>
                <line number="58" hits="1"/>
              </lines>
            </method>
            <method name="Notebook" hits="1" signature="()V">
              <lines>
                <line number="62" hits="1"/>
              </lines>
            </method>
            <method name="(anonymous_14)" hits="0" signature="()V">
              <lines>
                <line number="67" hits="0"/>
              </lines>
            </method>
            <method name="(anonymous_15)" hits="1" signature="()V">
              <lines>
                <line number="71" hits="1"/>
              </lines>
            </method>
            <method name="(anonymous_18)" hits="1" signature="()V">
              <lines>
                <line number="73" hits="1"/>
              </lines>
            </method>
          </methods>
          <lines>
            <line number="58" hits="1" branch="false"/>
            <line number="62" hits="1" branch="false"/>
            <line number="63" hits="1" branch="false"/>
            <line number="64" hits="1" branch="false"/>
            <line number="67" hits="1" branch="false"/>
            <line number="68" hits="0" branch="false"/>
            <line number="71" hits="1" branch="false"/>
            <line number="72" hits="1" branch="false"/>
            <line number="73" hits="1" branch="false"/>
            <line number="74" hits="1" branch="false"/>
            <line number="75" hits="1" branch="false"/>
            <line number="77" hits="1" branch="false"/>
            <line number="78" hits="1" branch="false"/>
            <line number="80" hits="1" branch="false"/>
          </lines>
        </class>
      </classes>
    </package>
    <package name="bin.main.public.ts.utils" line-rate="0.3968" branch-rate="0.11109999999999999">
      <classes>
        <class name="dateUtils.ts" filename="bin/main/public/ts/utils/dateUtils.ts" line-rate="0.3968" branch-rate="0.11109999999999999">
          <methods>
            <method name="(anonymous_0)" hits="1" signature="()V">
              <lines>
                <line number="5" hits="1"/>
              </lines>
            </method>
            <method name="(anonymous_2)" hits="0" signature="()V">
              <lines>
                <line number="10" hits="0"/>
              </lines>
            </method>
            <method name="(anonymous_3)" hits="0" signature="()V">
              <lines>
                <line number="17" hits="0"/>
              </lines>
            </method>
            <method name="(anonymous_4)" hits="0" signature="()V">
              <lines>
                <line number="21" hits="0"/>
              </lines>
            </method>
            <method name="(anonymous_5)" hits="0" signature="()V">
              <lines>
                <line number="39" hits="0"/>
              </lines>
            </method>
            <method name="(anonymous_6)" hits="0" signature="()V">
              <lines>
                <line number="51" hits="0"/>
              </lines>
            </method>
            <method name="(anonymous_7)" hits="0" signature="()V">
              <lines>
                <line number="59" hits="0"/>
              </lines>
            </method>
            <method name="(anonymous_8)" hits="0" signature="()V">
              <lines>
                <line number="63" hits="0"/>
              </lines>
            </method>
            <method name="(anonymous_9)" hits="0" signature="()V">
              <lines>
                <line number="67" hits="0"/>
              </lines>
            </method>
            <method name="(anonymous_10)" hits="0" signature="()V">
              <lines>
                <line number="71" hits="0"/>
              </lines>
            </method>
            <method name="(anonymous_11)" hits="0" signature="()V">
              <lines>
                <line number="75" hits="0"/>
              </lines>
            </method>
            <method name="(anonymous_12)" hits="0" signature="()V">
              <lines>
                <line number="83" hits="0"/>
              </lines>
            </method>
            <method name="(anonymous_13)" hits="0" signature="()V">
              <lines>
                <line number="90" hits="0"/>
              </lines>
            </method>
            <method name="(anonymous_14)" hits="6" signature="()V">
              <lines>
                <line number="96" hits="6"/>
              </lines>
            </method>
            <method name="(anonymous_15)" hits="0" signature="()V">
              <lines>
                <line number="103" hits="0"/>
              </lines>
            </method>
            <method name="(anonymous_16)" hits="0" signature="()V">
              <lines>
                <line number="107" hits="0"/>
              </lines>
            </method>
            <method name="(anonymous_17)" hits="0" signature="()V">
              <lines>
                <line number="111" hits="0"/>
              </lines>
            </method>
            <method name="(anonymous_18)" hits="0" signature="()V">
              <lines>
                <line number="115" hits="0"/>
              </lines>
            </method>
            <method name="(anonymous_19)" hits="0" signature="()V">
              <lines>
                <line number="119" hits="0"/>
              </lines>
            </method>
            <method name="(anonymous_20)" hits="0" signature="()V">
              <lines>
                <line number="140" hits="0"/>
              </lines>
            </method>
          </methods>
          <lines>
            <line number="1" hits="1" branch="false"/>
            <line number="2" hits="1" branch="false"/>
            <line number="5" hits="1" branch="false"/>
            <line number="10" hits="1" branch="false"/>
            <line number="11" hits="0" branch="false"/>
            <line number="14" hits="0" branch="false"/>
            <line number="17" hits="1" branch="false"/>
            <line number="18" hits="0" branch="false"/>
            <line number="21" hits="1" branch="false"/>
            <line number="22" hits="0" branch="true" condition-coverage="0% (0/2)"/>
            <line number="23" hits="0" branch="false"/>
            <line number="29" hits="0" branch="false"/>
            <line number="39" hits="1" branch="false"/>
            <line number="42" hits="0" branch="true" condition-coverage="0% (0/2)"/>
            <line number="44" hits="0" branch="false"/>
            <line number="51" hits="1" branch="false"/>
            <line number="52" hits="0" branch="false"/>
            <line number="59" hits="1" branch="false"/>
            <line number="60" hits="0" branch="false"/>
            <line number="63" hits="1" branch="false"/>
            <line number="64" hits="0" branch="false"/>
            <line number="67" hits="1" branch="false"/>
            <line number="68" hits="0" branch="false"/>
            <line number="71" hits="1" branch="false"/>
            <line number="72" hits="0" branch="false"/>
            <line number="75" hits="1" branch="false"/>
            <line number="76" hits="0" branch="false"/>
            <line number="83" hits="1" branch="false"/>
            <line number="84" hits="0" branch="false"/>
            <line number="90" hits="1" branch="false"/>
            <line number="91" hits="0" branch="false"/>
            <line number="92" hits="0" branch="false"/>
            <line number="93" hits="0" branch="false"/>
            <line number="96" hits="1" branch="false"/>
            <line number="97" hits="6" branch="false"/>
            <line number="98" hits="6" branch="false"/>
            <line number="103" hits="1" branch="false"/>
            <line number="104" hits="0" branch="true" condition-coverage="0% (0/2)"/>
            <line number="107" hits="1" branch="false"/>
            <line number="108" hits="0" branch="false"/>
            <line number="111" hits="1" branch="false"/>
            <line number="112" hits="0" branch="false"/>
            <line number="115" hits="1" branch="false"/>
            <line number="116" hits="0" branch="false"/>
            <line number="119" hits="1" branch="false"/>
            <line number="120" hits="0" branch="true" condition-coverage="0% (0/4)"/>
            <line number="122" hits="0" branch="false"/>
            <line number="125" hits="0" branch="false"/>
            <line number="127" hits="0" branch="false"/>
            <line number="128" hits="0" branch="false"/>
            <line number="129" hits="0" branch="false"/>
            <line number="130" hits="0" branch="false"/>
            <line number="131" hits="0" branch="false"/>
            <line number="132" hits="0" branch="false"/>
            <line number="135" hits="0" branch="false"/>
            <line number="136" hits="0" branch="false"/>
            <line number="140" hits="1" branch="false"/>
            <line number="141" hits="0" branch="false"/>
            <line number="142" hits="0" branch="false"/>
            <line number="145" hits="0" branch="true" condition-coverage="0% (0/4)"/>
            <line number="146" hits="0" branch="false"/>
            <line number="149" hits="0" branch="false"/>
            <line number="151" hits="1" branch="false"/>
          </lines>
        </class>
      </classes>
    </package>
    <package name="build.resources.main.public.ts.core.const" line-rate="1" branch-rate="1">
      <classes>
        <class name="dateFormat.ts" filename="build/resources/main/public/ts/core/const/dateFormat.ts" line-rate="1" branch-rate="1">
          <methods>
          </methods>
          <lines>
            <line number="1" hits="1" branch="false"/>
            <line number="12" hits="1" branch="false"/>
            <line number="13" hits="1" branch="false"/>
          </lines>
        </class>
      </classes>
    </package>
    <package name="build.resources.main.public.ts.model" line-rate="0.9286" branch-rate="1">
      <classes>
        <class name="Notebook.ts" filename="build/resources/main/public/ts/model/Notebook.ts" line-rate="0.9286" branch-rate="1">
          <methods>
            <method name="(anonymous_12)" hits="1" signature="()V">
              <lines>
                <line number="58" hits="1"/>
              </lines>
            </method>
            <method name="Notebook" hits="1" signature="()V">
              <lines>
                <line number="62" hits="1"/>
              </lines>
            </method>
            <method name="(anonymous_14)" hits="0" signature="()V">
              <lines>
                <line number="67" hits="0"/>
              </lines>
            </method>
            <method name="(anonymous_15)" hits="1" signature="()V">
              <lines>
                <line number="71" hits="1"/>
              </lines>
            </method>
            <method name="(anonymous_18)" hits="1" signature="()V">
              <lines>
                <line number="73" hits="1"/>
              </lines>
            </method>
          </methods>
          <lines>
            <line number="58" hits="1" branch="false"/>
            <line number="62" hits="1" branch="false"/>
            <line number="63" hits="1" branch="false"/>
            <line number="64" hits="1" branch="false"/>
            <line number="67" hits="1" branch="false"/>
            <line number="68" hits="0" branch="false"/>
            <line number="71" hits="1" branch="false"/>
            <line number="72" hits="1" branch="false"/>
            <line number="73" hits="1" branch="false"/>
            <line number="74" hits="1" branch="false"/>
            <line number="75" hits="1" branch="false"/>
            <line number="77" hits="1" branch="false"/>
            <line number="78" hits="1" branch="false"/>
            <line number="80" hits="1" branch="false"/>
          </lines>
        </class>
      </classes>
    </package>
    <package name="build.resources.main.public.ts.utils" line-rate="0.3968" branch-rate="0.11109999999999999">
      <classes>
        <class name="dateUtils.ts" filename="build/resources/main/public/ts/utils/dateUtils.ts" line-rate="0.3968" branch-rate="0.11109999999999999">
          <methods>
            <method name="(anonymous_0)" hits="1" signature="()V">
              <lines>
                <line number="5" hits="1"/>
              </lines>
            </method>
            <method name="(anonymous_2)" hits="0" signature="()V">
              <lines>
                <line number="10" hits="0"/>
              </lines>
            </method>
            <method name="(anonymous_3)" hits="0" signature="()V">
              <lines>
                <line number="17" hits="0"/>
              </lines>
            </method>
            <method name="(anonymous_4)" hits="0" signature="()V">
              <lines>
                <line number="21" hits="0"/>
              </lines>
            </method>
            <method name="(anonymous_5)" hits="0" signature="()V">
              <lines>
                <line number="39" hits="0"/>
              </lines>
            </method>
            <method name="(anonymous_6)" hits="0" signature="()V">
              <lines>
                <line number="51" hits="0"/>
              </lines>
            </method>
            <method name="(anonymous_7)" hits="0" signature="()V">
              <lines>
                <line number="59" hits="0"/>
              </lines>
            </method>
            <method name="(anonymous_8)" hits="0" signature="()V">
              <lines>
                <line number="63" hits="0"/>
              </lines>
            </method>
            <method name="(anonymous_9)" hits="0" signature="()V">
              <lines>
                <line number="67" hits="0"/>
              </lines>
            </method>
            <method name="(anonymous_10)" hits="0" signature="()V">
              <lines>
                <line number="71" hits="0"/>
              </lines>
            </method>
            <method name="(anonymous_11)" hits="0" signature="()V">
              <lines>
                <line number="75" hits="0"/>
              </lines>
            </method>
            <method name="(anonymous_12)" hits="0" signature="()V">
              <lines>
                <line number="83" hits="0"/>
              </lines>
            </method>
            <method name="(anonymous_13)" hits="0" signature="()V">
              <lines>
                <line number="90" hits="0"/>
              </lines>
            </method>
            <method name="(anonymous_14)" hits="6" signature="()V">
              <lines>
                <line number="96" hits="6"/>
              </lines>
            </method>
            <method name="(anonymous_15)" hits="0" signature="()V">
              <lines>
                <line number="103" hits="0"/>
              </lines>
            </method>
            <method name="(anonymous_16)" hits="0" signature="()V">
              <lines>
                <line number="107" hits="0"/>
              </lines>
            </method>
            <method name="(anonymous_17)" hits="0" signature="()V">
              <lines>
                <line number="111" hits="0"/>
              </lines>
            </method>
            <method name="(anonymous_18)" hits="0" signature="()V">
              <lines>
                <line number="115" hits="0"/>
              </lines>
            </method>
            <method name="(anonymous_19)" hits="0" signature="()V">
              <lines>
                <line number="119" hits="0"/>
              </lines>
            </method>
            <method name="(anonymous_20)" hits="0" signature="()V">
              <lines>
                <line number="140" hits="0"/>
              </lines>
            </method>
          </methods>
          <lines>
            <line number="1" hits="1" branch="false"/>
            <line number="2" hits="1" branch="false"/>
            <line number="5" hits="1" branch="false"/>
            <line number="10" hits="1" branch="false"/>
            <line number="11" hits="0" branch="false"/>
            <line number="14" hits="0" branch="false"/>
            <line number="17" hits="1" branch="false"/>
            <line number="18" hits="0" branch="false"/>
            <line number="21" hits="1" branch="false"/>
            <line number="22" hits="0" branch="true" condition-coverage="0% (0/2)"/>
            <line number="23" hits="0" branch="false"/>
            <line number="29" hits="0" branch="false"/>
            <line number="39" hits="1" branch="false"/>
            <line number="42" hits="0" branch="true" condition-coverage="0% (0/2)"/>
            <line number="44" hits="0" branch="false"/>
            <line number="51" hits="1" branch="false"/>
            <line number="52" hits="0" branch="false"/>
            <line number="59" hits="1" branch="false"/>
            <line number="60" hits="0" branch="false"/>
            <line number="63" hits="1" branch="false"/>
            <line number="64" hits="0" branch="false"/>
            <line number="67" hits="1" branch="false"/>
            <line number="68" hits="0" branch="false"/>
            <line number="71" hits="1" branch="false"/>
            <line number="72" hits="0" branch="false"/>
            <line number="75" hits="1" branch="false"/>
            <line number="76" hits="0" branch="false"/>
            <line number="83" hits="1" branch="false"/>
            <line number="84" hits="0" branch="false"/>
            <line number="90" hits="1" branch="false"/>
            <line number="91" hits="0" branch="false"/>
            <line number="92" hits="0" branch="false"/>
            <line number="93" hits="0" branch="false"/>
            <line number="96" hits="1" branch="false"/>
            <line number="97" hits="6" branch="false"/>
            <line number="98" hits="6" branch="false"/>
            <line number="103" hits="1" branch="false"/>
            <line number="104" hits="0" branch="true" condition-coverage="0% (0/2)"/>
            <line number="107" hits="1" branch="false"/>
            <line number="108" hits="0" branch="false"/>
            <line number="111" hits="1" branch="false"/>
            <line number="112" hits="0" branch="false"/>
            <line number="115" hits="1" branch="false"/>
            <line number="116" hits="0" branch="false"/>
            <line number="119" hits="1" branch="false"/>
            <line number="120" hits="0" branch="true" condition-coverage="0% (0/4)"/>
            <line number="122" hits="0" branch="false"/>
            <line number="125" hits="0" branch="false"/>
            <line number="127" hits="0" branch="false"/>
            <line number="128" hits="0" branch="false"/>
            <line number="129" hits="0" branch="false"/>
            <line number="130" hits="0" branch="false"/>
            <line number="131" hits="0" branch="false"/>
            <line number="132" hits="0" branch="false"/>
            <line number="135" hits="0" branch="false"/>
            <line number="136" hits="0" branch="false"/>
            <line number="140" hits="1" branch="false"/>
            <line number="141" hits="0" branch="false"/>
            <line number="142" hits="0" branch="false"/>
            <line number="145" hits="0" branch="true" condition-coverage="0% (0/4)"/>
            <line number="146" hits="0" branch="false"/>
            <line number="149" hits="0" branch="false"/>
            <line number="151" hits="1" branch="false"/>
          </lines>
        </class>
      </classes>
    </package>
    <package name="src.main.resources.public.ts.core.const" line-rate="1" branch-rate="1">
      <classes>
        <class name="dateFormat.ts" filename="src/main/resources/public/ts/core/const/dateFormat.ts" line-rate="1" branch-rate="1">
          <methods>
          </methods>
          <lines>
            <line number="1" hits="1" branch="false"/>
            <line number="12" hits="1" branch="false"/>
            <line number="13" hits="1" branch="false"/>
          </lines>
        </class>
      </classes>
    </package>
    <package name="src.main.resources.public.ts.model" line-rate="0.9286" branch-rate="1">
      <classes>
        <class name="Notebook.ts" filename="src/main/resources/public/ts/model/Notebook.ts" line-rate="0.9286" branch-rate="1">
          <methods>
            <method name="(anonymous_12)" hits="1" signature="()V">
              <lines>
                <line number="58" hits="1"/>
              </lines>
            </method>
            <method name="Notebook" hits="1" signature="()V">
              <lines>
                <line number="62" hits="1"/>
              </lines>
            </method>
            <method name="(anonymous_14)" hits="0" signature="()V">
              <lines>
                <line number="67" hits="0"/>
              </lines>
            </method>
            <method name="(anonymous_15)" hits="1" signature="()V">
              <lines>
                <line number="71" hits="1"/>
              </lines>
            </method>
            <method name="(anonymous_18)" hits="1" signature="()V">
              <lines>
                <line number="73" hits="1"/>
              </lines>
            </method>
          </methods>
          <lines>
            <line number="58" hits="1" branch="false"/>
            <line number="62" hits="1" branch="false"/>
            <line number="63" hits="1" branch="false"/>
            <line number="64" hits="1" branch="false"/>
            <line number="67" hits="1" branch="false"/>
            <line number="68" hits="0" branch="false"/>
            <line number="71" hits="1" branch="false"/>
            <line number="72" hits="1" branch="false"/>
            <line number="73" hits="1" branch="false"/>
            <line number="74" hits="1" branch="false"/>
            <line number="75" hits="1" branch="false"/>
            <line number="77" hits="1" branch="false"/>
            <line number="78" hits="1" branch="false"/>
            <line number="80" hits="1" branch="false"/>
          </lines>
        </class>
      </classes>
    </package>
    <package name="src.main.resources.public.ts.utils" line-rate="0.3968" branch-rate="0.11109999999999999">
      <classes>
        <class name="dateUtils.ts" filename="src/main/resources/public/ts/utils/dateUtils.ts" line-rate="0.3968" branch-rate="0.11109999999999999">
          <methods>
            <method name="(anonymous_0)" hits="1" signature="()V">
              <lines>
                <line number="5" hits="1"/>
              </lines>
            </method>
            <method name="(anonymous_2)" hits="0" signature="()V">
              <lines>
                <line number="10" hits="0"/>
              </lines>
            </method>
            <method name="(anonymous_3)" hits="0" signature="()V">
              <lines>
                <line number="17" hits="0"/>
              </lines>
            </method>
            <method name="(anonymous_4)" hits="0" signature="()V">
              <lines>
                <line number="21" hits="0"/>
              </lines>
            </method>
            <method name="(anonymous_5)" hits="0" signature="()V">
              <lines>
                <line number="39" hits="0"/>
              </lines>
            </method>
            <method name="(anonymous_6)" hits="0" signature="()V">
              <lines>
                <line number="51" hits="0"/>
              </lines>
            </method>
            <method name="(anonymous_7)" hits="0" signature="()V">
              <lines>
                <line number="59" hits="0"/>
              </lines>
            </method>
            <method name="(anonymous_8)" hits="0" signature="()V">
              <lines>
                <line number="63" hits="0"/>
              </lines>
            </method>
            <method name="(anonymous_9)" hits="0" signature="()V">
              <lines>
                <line number="67" hits="0"/>
              </lines>
            </method>
            <method name="(anonymous_10)" hits="0" signature="()V">
              <lines>
                <line number="71" hits="0"/>
              </lines>
            </method>
            <method name="(anonymous_11)" hits="0" signature="()V">
              <lines>
                <line number="75" hits="0"/>
              </lines>
            </method>
            <method name="(anonymous_12)" hits="0" signature="()V">
              <lines>
                <line number="83" hits="0"/>
              </lines>
            </method>
            <method name="(anonymous_13)" hits="0" signature="()V">
              <lines>
                <line number="90" hits="0"/>
              </lines>
            </method>
            <method name="(anonymous_14)" hits="6" signature="()V">
              <lines>
                <line number="96" hits="6"/>
              </lines>
            </method>
            <method name="(anonymous_15)" hits="0" signature="()V">
              <lines>
                <line number="103" hits="0"/>
              </lines>
            </method>
            <method name="(anonymous_16)" hits="0" signature="()V">
              <lines>
                <line number="107" hits="0"/>
              </lines>
            </method>
            <method name="(anonymous_17)" hits="0" signature="()V">
              <lines>
                <line number="111" hits="0"/>
              </lines>
            </method>
            <method name="(anonymous_18)" hits="0" signature="()V">
              <lines>
                <line number="115" hits="0"/>
              </lines>
            </method>
            <method name="(anonymous_19)" hits="0" signature="()V">
              <lines>
                <line number="119" hits="0"/>
              </lines>
            </method>
            <method name="(anonymous_20)" hits="0" signature="()V">
              <lines>
                <line number="140" hits="0"/>
              </lines>
            </method>
          </methods>
          <lines>
            <line number="1" hits="1" branch="false"/>
            <line number="2" hits="1" branch="false"/>
            <line number="5" hits="1" branch="false"/>
            <line number="10" hits="1" branch="false"/>
            <line number="11" hits="0" branch="false"/>
            <line number="14" hits="0" branch="false"/>
            <line number="17" hits="1" branch="false"/>
            <line number="18" hits="0" branch="false"/>
            <line number="21" hits="1" branch="false"/>
            <line number="22" hits="0" branch="true" condition-coverage="0% (0/2)"/>
            <line number="23" hits="0" branch="false"/>
            <line number="29" hits="0" branch="false"/>
            <line number="39" hits="1" branch="false"/>
            <line number="42" hits="0" branch="true" condition-coverage="0% (0/2)"/>
            <line number="44" hits="0" branch="false"/>
            <line number="51" hits="1" branch="false"/>
            <line number="52" hits="0" branch="false"/>
            <line number="59" hits="1" branch="false"/>
            <line number="60" hits="0" branch="false"/>
            <line number="63" hits="1" branch="false"/>
            <line number="64" hits="0" branch="false"/>
            <line number="67" hits="1" branch="false"/>
            <line number="68" hits="0" branch="false"/>
            <line number="71" hits="1" branch="false"/>
            <line number="72" hits="0" branch="false"/>
            <line number="75" hits="1" branch="false"/>
            <line number="76" hits="0" branch="false"/>
            <line number="83" hits="1" branch="false"/>
            <line number="84" hits="0" branch="false"/>
            <line number="90" hits="1" branch="false"/>
            <line number="91" hits="0" branch="false"/>
            <line number="92" hits="0" branch="false"/>
            <line number="93" hits="0" branch="false"/>
            <line number="96" hits="1" branch="false"/>
            <line number="97" hits="6" branch="false"/>
            <line number="98" hits="6" branch="false"/>
            <line number="103" hits="1" branch="false"/>
            <line number="104" hits="0" branch="true" condition-coverage="0% (0/2)"/>
            <line number="107" hits="1" branch="false"/>
            <line number="108" hits="0" branch="false"/>
            <line number="111" hits="1" branch="false"/>
            <line number="112" hits="0" branch="false"/>
            <line number="115" hits="1" branch="false"/>
            <line number="116" hits="0" branch="false"/>
            <line number="119" hits="1" branch="false"/>
            <line number="120" hits="0" branch="true" condition-coverage="0% (0/4)"/>
            <line number="122" hits="0" branch="false"/>
            <line number="125" hits="0" branch="false"/>
            <line number="127" hits="0" branch="false"/>
            <line number="128" hits="0" branch="false"/>
            <line number="129" hits="0" branch="false"/>
            <line number="130" hits="0" branch="false"/>
            <line number="131" hits="0" branch="false"/>
            <line number="132" hits="0" branch="false"/>
            <line number="135" hits="0" branch="false"/>
            <line number="136" hits="0" branch="false"/>
            <line number="140" hits="1" branch="false"/>
            <line number="141" hits="0" branch="false"/>
            <line number="142" hits="0" branch="false"/>
            <line number="145" hits="0" branch="true" condition-coverage="0% (0/4)"/>
            <line number="146" hits="0" branch="false"/>
            <line number="149" hits="0" branch="false"/>
            <line number="151" hits="1" branch="false"/>
          </lines>
        </class>
      </classes>
    </package>
  </packages>
</coverage>
